2022-04-29 10:04:30 20944 [Note] Plugin 'FEDERATED' is disabled.
2022-04-29 10:04:30 20944 [Note] InnoDB: The InnoDB memory heap is disabled
2022-04-29 10:04:30 20944 [Note] InnoDB: Mutexes and rw_locks use Windows interlocked functions
2022-04-29 10:04:30 20944 [Note] InnoDB: Compressed tables use zlib 1.2.3
2022-04-29 10:04:30 20944 [Note] InnoDB: Not using CPU crc32 instructions
2022-04-29 10:04:30 20944 [Note] InnoDB: Initializing buffer pool, size = 128.0M
2022-04-29 10:04:30 20944 [Note] InnoDB: Completed initialization of buffer pool
2022-04-29 10:04:30 20944 [Note] InnoDB: Setting log file D:\Doc\_Lekcijas\_My\DB\Lat\_Files\USBWebserver v8.6\mysql\data\ib_logfile101 size to 5 MB
2022-04-29 10:04:30 20944 [Note] InnoDB: Setting log file D:\Doc\_Lekcijas\_My\DB\Lat\_Files\USBWebserver v8.6\mysql\data\ib_logfile1 size to 5 MB
2022-04-29 10:04:31 20944 [Note] InnoDB: Renaming log file D:\Doc\_Lekcijas\_My\DB\Lat\_Files\USBWebserver v8.6\mysql\data\ib_logfile101 to D:\Doc\_Lekcijas\_My\DB\Lat\_Files\USBWebserver v8.6\mysql\data\ib_logfile0
2022-04-29 10:04:31 20944 [Warning] InnoDB: New log files created, LSN=1626134
2022-04-29 10:04:31 20944 [Note] InnoDB: Highest supported file format is Barracuda.
2022-04-29 10:04:31 20944 [Note] InnoDB: 128 rollback segment(s) are active.
2022-04-29 10:04:31 20944 [Note] InnoDB: Waiting for purge to start
2022-04-29 10:04:31 20944 [Note] InnoDB: 5.6.13 started; log sequence number 1626636
2022-04-29 10:04:31 20944 [Warning] No existing UUID has been found, so we assume that this is the first time that this server has been started. Generating a new UUID: 9e163a77-c78a-11ec-8808-9405b65db06f.
2022-04-29 10:04:31 20944 [Note] Server hostname (bind-address): '*'; port: 3307
2022-04-29 10:04:31 20944 [Note] IPv6 is available.
2022-04-29 10:04:31 20944 [Note]   - '::' resolves to '::';
2022-04-29 10:04:31 20944 [Note] Server socket created on IP: '::'.
