2023-11-21 20:48:27 6264 [Note] Plugin 'FEDERATED' is disabled.
2023-11-21 20:48:27 6264 [Note] InnoDB: The InnoDB memory heap is disabled
2023-11-21 20:48:27 6264 [Note] InnoDB: Mutexes and rw_locks use Windows interlocked functions
2023-11-21 20:48:27 6264 [Note] InnoDB: Compressed tables use zlib 1.2.3
2023-11-21 20:48:27 6264 [Note] InnoDB: Not using CPU crc32 instructions
2023-11-21 20:48:28 6264 [Note] InnoDB: Initializing buffer pool, size = 128.0M
2023-11-21 20:48:28 6264 [Note] InnoDB: Completed initialization of buffer pool
2023-11-21 20:48:28 6264 [Note] InnoDB: Highest supported file format is Barracuda.
2023-11-21 20:48:28 6264 [Note] InnoDB: The log sequence numbers 1626134 and 1626134 in ibdata files do not match the log sequence number 1639912 in the ib_logfiles!
2023-11-21 20:48:28 6264 [Note] InnoDB: Database was not shutdown normally!
2023-11-21 20:48:28 6264 [Note] InnoDB: Starting crash recovery.
2023-11-21 20:48:28 6264 [Note] InnoDB: Reading tablespace information from the .ibd files...
2023-11-21 20:48:28 6264 [Note] InnoDB: Restoring possible half-written data pages 
2023-11-21 20:48:28 6264 [Note] InnoDB: from the doublewrite buffer...
2023-11-21 20:48:28 6264 [Note] InnoDB: 128 rollback segment(s) are active.
2023-11-21 20:48:28 6264 [Note] InnoDB: Waiting for purge to start
2023-11-21 20:48:28 6264 [Note] InnoDB: 5.6.13 started; log sequence number 1639912
2023-11-21 20:48:28 6264 [Note] Server hostname (bind-address): '*'; port: 3307
2023-11-21 20:48:28 6264 [Note] IPv6 is available.
2023-11-21 20:48:28 6264 [Note]   - '::' resolves to '::';
2023-11-21 20:48:28 6264 [Note] Server socket created on IP: '::'.
2023-11-22 19:34:22 1912 [Note] Plugin 'FEDERATED' is disabled.
2023-11-22 19:34:23 1912 [Note] InnoDB: The InnoDB memory heap is disabled
2023-11-22 19:34:23 1912 [Note] InnoDB: Mutexes and rw_locks use Windows interlocked functions
2023-11-22 19:34:23 1912 [Note] InnoDB: Compressed tables use zlib 1.2.3
2023-11-22 19:34:23 1912 [Note] InnoDB: Not using CPU crc32 instructions
2023-11-22 19:34:23 1912 [Note] InnoDB: Initializing buffer pool, size = 128.0M
2023-11-22 19:34:23 1912 [Note] InnoDB: Completed initialization of buffer pool
2023-11-22 19:34:23 1912 [Note] InnoDB: Highest supported file format is Barracuda.
2023-11-22 19:34:23 1912 [Note] InnoDB: The log sequence numbers 1626134 and 1626134 in ibdata files do not match the log sequence number 1703903 in the ib_logfiles!
2023-11-22 19:34:23 1912 [Note] InnoDB: Database was not shutdown normally!
2023-11-22 19:34:23 1912 [Note] InnoDB: Starting crash recovery.
2023-11-22 19:34:23 1912 [Note] InnoDB: Reading tablespace information from the .ibd files...
2023-11-22 19:34:23 1912 [Note] InnoDB: Restoring possible half-written data pages 
2023-11-22 19:34:23 1912 [Note] InnoDB: from the doublewrite buffer...
2023-11-22 19:34:24 1912 [Note] InnoDB: 128 rollback segment(s) are active.
2023-11-22 19:34:24 1912 [Note] InnoDB: Waiting for purge to start
2023-11-22 19:34:24 1912 [Note] InnoDB: 5.6.13 started; log sequence number 1703903
2023-11-22 19:34:24 1912 [Note] Server hostname (bind-address): '*'; port: 3307
2023-11-22 19:34:24 1912 [Note] IPv6 is available.
2023-11-22 19:34:24 1912 [Note]   - '::' resolves to '::';
2023-11-22 19:34:24 1912 [Note] Server socket created on IP: '::'.
