::1 - - [22/Nov/2023:19:37:29 +0200] "GET / HTTP/1.1" 200 2455
::1 - - [22/Nov/2023:19:37:29 +0200] "GET / HTTP/1.1" 200 2455
::1 - - [22/Nov/2023:19:37:30 +0200] "GET /favicon.ico HTTP/1.1" 404 209
::1 - - [22/Nov/2023:19:37:39 +0200] "POST / HTTP/1.1" 200 2531
::1 - - [22/Nov/2023:19:37:58 +0200] "POST / HTTP/1.1" 200 2455
::1 - - [22/Nov/2023:19:38:48 +0200] "GET /?numurs=RA6554&button=Search HTTP/1.1" 200 3282
::1 - - [22/Nov/2023:19:41:21 +0200] "GET /phpmyadmin/ HTTP/1.1" 200 8091
::1 - - [22/Nov/2023:19:41:23 +0200] "GET /phpmyadmin/phpmyadmin.css.php?server=1&token=548bf291f4a4511d1a53da0cd8c66811&nocache=4125195912ltr HTTP/1.1" 200 88608
::1 - - [22/Nov/2023:19:41:23 +0200] "GET /phpmyadmin/js/get_image.js.php?theme=pmahomme HTTP/1.1" 200 6263
::1 - - [22/Nov/2023:19:41:23 +0200] "GET /phpmyadmin/js/messages.php?lang=en&db=&server=0&token=548bf291f4a4511d1a53da0cd8c66811 HTTP/1.1" 200 16674
::1 - - [22/Nov/2023:19:41:23 +0200] "GET /phpmyadmin/js/get_scripts.js.php?scripts[]=jquery/jquery-1.8.3.js&scripts[]=ajax.js&scripts[]=keyhandler.js&scripts[]=jquery/jquery-ui-1.9.2.custom.js&scripts[]=jquery/jquery.sprintf.js&scripts[]=jquery/jquery.cookie.js&scripts[]=jquery/jquery.mousewheel.js&scripts[]=jquery/jquery.event.drag-2.2.js&scripts[]=jquery/jquery-ui-timepicker-addon.js&scripts[]=jquery/jquery.ba-hashchange-1.3.js&scripts[]=jquery/jquery.debounce-1.0.5.js&scripts[]=jquery/jquery.menuResizer-1.0.js&scripts[]=rte.js&scripts[]=functions.js&scripts[]=navigation.js&scripts[]=indexes.js&scripts[]=common.js&scripts[]=codemirror/lib/codemirror.js&scripts[]=codemirror/mode/mysql/mysql.js HTTP/1.1" 200 578562
::1 - - [22/Nov/2023:19:41:26 +0200] "POST /phpmyadmin/index.php HTTP/1.1" 302 -
::1 - - [22/Nov/2023:19:41:26 +0200] "GET /phpmyadmin/index.php?token=548bf291f4a4511d1a53da0cd8c66811 HTTP/1.1" 200 43816
::1 - - [22/Nov/2023:19:41:27 +0200] "GET /phpmyadmin/phpmyadmin.css.php?server=1&token=548bf291f4a4511d1a53da0cd8c66811&nocache=5825788446ltr HTTP/1.1" 200 88608
::1 - - [22/Nov/2023:19:41:27 +0200] "GET /phpmyadmin/version_check.php?&_nocache=1700674887260638403 HTTP/1.1" 200 39
::1 - - [22/Nov/2023:19:41:30 +0200] "GET /phpmyadmin/navigation.php?ajax_request=1&token=548bf291f4a4511d1a53da0cd8c66811&aPath=cm9vdA%3D%3D.c21hcnphc19kYg%3D%3D&vPath=cm9vdA%3D%3D.c21hcnphc19kYg%3D%3D&pos=0&pos2_name=&pos2_value=&searchClause=&searchClause2=&_nocache=1700674890389832919 HTTP/1.1" 200 1356
::1 - - [22/Nov/2023:19:41:31 +0200] "GET /phpmyadmin/db_structure.php?server=1&db=smarzas_db&token=548bf291f4a4511d1a53da0cd8c66811&ajax_request=true&ajax_page_request=true&menuHashes=96479612&_nocache=1700674891301541030 HTTP/1.1" 200 12500
::1 - - [22/Nov/2023:19:41:31 +0200] "GET /phpmyadmin/js/get_scripts.js.php?scripts[]=db_structure.js&scripts[]=tbl_change.js HTTP/1.1" 200 12382
::1 - - [22/Nov/2023:19:41:32 +0200] "GET /phpmyadmin/navigation.php?ajax_request=1&token=548bf291f4a4511d1a53da0cd8c66811&aPath=cm9vdA%3D%3D.c21hcnphc19kYg%3D%3D.dGFibGVz.c21hcnphcw%3D%3D&vPath=cm9vdA%3D%3D.c21hcnphc19kYg%3D%3D.VGFibGVz.c21hcnphcw%3D%3D&pos=0&pos2_name=tables&pos2_value=0&searchClause=&searchClause2=&_nocache=1700674892826830007 HTTP/1.1" 200 3463
::1 - - [22/Nov/2023:19:41:33 +0200] "GET /phpmyadmin/sql.php?server=1&db=smarzas_db&table=smarzas&pos=0&token=548bf291f4a4511d1a53da0cd8c66811&ajax_request=true&ajax_page_request=true&menuHashes=96479612-8a2dd218&_nocache=1700674893906608352 HTTP/1.1" 200 10273
::1 - - [22/Nov/2023:19:41:34 +0200] "GET /phpmyadmin/js/get_scripts.js.php?scripts[]=tbl_structure.js&scripts[]=gis_data_editor.js HTTP/1.1" 200 15188
::1 - - [22/Nov/2023:19:41:34 +0200] "GET /phpmyadmin/index.php?ajax_request=1&recent_table=1&token=548bf291f4a4511d1a53da0cd8c66811 HTTP/1.1" 200 334
::1 - - [22/Nov/2023:19:41:36 +0200] "GET /phpmyadmin/tbl_import.php?db=smarzas_db&table=smarzas&token=548bf291f4a4511d1a53da0cd8c66811&ajax_request=true&ajax_page_request=true&menuHashes=96479612-8a2dd218-09c7b706&_nocache=1700674896190196571 HTTP/1.1" 200 17934
::1 - - [22/Nov/2023:19:41:37 +0200] "GET /phpmyadmin/js/get_scripts.js.php?scripts[]=import.js HTTP/1.1" 200 1584
::1 - - [22/Nov/2023:19:41:37 +0200] "GET /phpmyadmin/index.php?ajax_request=1&recent_table=1&token=548bf291f4a4511d1a53da0cd8c66811 HTTP/1.1" 200 334
::1 - - [22/Nov/2023:19:43:39 +0200] "GET /phpmyadmin/navigation.php?ajax_request=1&token=548bf291f4a4511d1a53da0cd8c66811&aPath=cm9vdA%3D%3D.YXV0bw%3D%3D&vPath=cm9vdA%3D%3D.YXV0bw%3D%3D&pos=0&pos2_name=&pos2_value=&searchClause=&searchClause2=&_nocache=1700675019033874771 HTTP/1.1" 200 1316
::1 - - [22/Nov/2023:19:43:39 +0200] "POST /phpmyadmin/import.php HTTP/1.1" 200 11901
::1 - - [22/Nov/2023:19:43:39 +0200] "GET /phpmyadmin/js/messages.php?lang=en&db=smarzas_db&server=0&token=548bf291f4a4511d1a53da0cd8c66811 HTTP/1.1" 200 16674
::1 - - [22/Nov/2023:19:43:39 +0200] "GET /phpmyadmin/index.php?ajax_request=1&recent_table=1&token=548bf291f4a4511d1a53da0cd8c66811 HTTP/1.1" 200 334
::1 - - [22/Nov/2023:19:43:42 +0200] "GET /phpmyadmin/db_structure.php?server=1&db=smarzas_db&token=548bf291f4a4511d1a53da0cd8c66811&ajax_request=true&ajax_page_request=true&_nocache=1700675022151337566 HTTP/1.1" 200 12500
::1 - - [22/Nov/2023:19:43:44 +0200] "GET /phpmyadmin/db_import.php?db=smarzas_db&token=548bf291f4a4511d1a53da0cd8c66811&ajax_request=true&ajax_page_request=true&menuHashes=8a2dd218&_nocache=1700675024053396279 HTTP/1.1" 200 15777
::1 - - [22/Nov/2023:19:47:17 +0200] "POST /phpmyadmin/import.php HTTP/1.1" 200 21784
::1 - - [22/Nov/2023:19:47:17 +0200] "GET /phpmyadmin/js/get_scripts.js.php?scripts[]=jquery/jquery-1.8.3.js&scripts[]=ajax.js&scripts[]=keyhandler.js&scripts[]=jquery/jquery-ui-1.9.2.custom.js&scripts[]=jquery/jquery.sprintf.js&scripts[]=jquery/jquery.cookie.js&scripts[]=jquery/jquery.mousewheel.js&scripts[]=jquery/jquery.event.drag-2.2.js&scripts[]=jquery/jquery-ui-timepicker-addon.js&scripts[]=jquery/jquery.ba-hashchange-1.3.js&scripts[]=jquery/jquery.debounce-1.0.5.js&scripts[]=jquery/jquery.menuResizer-1.0.js&scripts[]=rte.js&scripts[]=functions.js&scripts[]=navigation.js&scripts[]=indexes.js&scripts[]=common.js&scripts[]=import.js&scripts[]=codemirror/lib/codemirror.js&scripts[]=codemirror/mode/mysql/mysql.js HTTP/1.1" 200 580146
::1 - - [22/Nov/2023:19:48:04 +0200] "POST /phpmyadmin/import.php HTTP/1.1" 200 11750
::1 - - [22/Nov/2023:19:48:13 +0200] "POST /phpmyadmin/import.php HTTP/1.1" 200 11750
::1 - - [22/Nov/2023:19:48:16 +0200] "GET /phpmyadmin/db_structure.php?server=1&db=viesu_gramata&token=548bf291f4a4511d1a53da0cd8c66811&ajax_request=true&ajax_page_request=true&_nocache=1700675296643106288 HTTP/1.1" 200 5637
::1 - - [22/Nov/2023:19:48:18 +0200] "GET /phpmyadmin/navigation.php?ajax_request=1&token=548bf291f4a4511d1a53da0cd8c66811&aPath=cm9vdA%3D%3D.c21hcnphc19kYg%3D%3D&vPath=cm9vdA%3D%3D.c21hcnphc19kYg%3D%3D&pos=0&pos2_name=&pos2_value=&searchClause=&searchClause2=&_nocache=1700675298171941517 HTTP/1.1" 200 1356
::1 - - [22/Nov/2023:19:48:19 +0200] "GET /phpmyadmin/sql.php?server=1&db=smarzas_db&table=smarzas&pos=0&token=548bf291f4a4511d1a53da0cd8c66811&ajax_request=true&ajax_page_request=true&menuHashes=b026bf3a&_nocache=1700675299342297852 HTTP/1.1" 200 10273
::1 - - [22/Nov/2023:19:48:19 +0200] "GET /phpmyadmin/index.php?ajax_request=1&recent_table=1&token=548bf291f4a4511d1a53da0cd8c66811 HTTP/1.1" 200 334
::1 - - [22/Nov/2023:19:48:20 +0200] "GET /phpmyadmin/navigation.php?ajax_request=1&token=548bf291f4a4511d1a53da0cd8c66811&aPath=cm9vdA%3D%3D.c21hcnphc19kYg%3D%3D.dGFibGVz.c21hcnphcw%3D%3D&vPath=cm9vdA%3D%3D.c21hcnphc19kYg%3D%3D.VGFibGVz.c21hcnphcw%3D%3D&pos=0&pos2_name=tables&pos2_value=0&searchClause=&searchClause2=&_nocache=1700675300736410981 HTTP/1.1" 200 1765
::1 - - [22/Nov/2023:19:48:21 +0200] "GET /phpmyadmin/sql.php?server=1&db=smarzas_db&table=smarzas&pos=0&token=548bf291f4a4511d1a53da0cd8c66811&ajax_request=true&ajax_page_request=true&menuHashes=b026bf3a-09c7b706&_nocache=1700675301628426593 HTTP/1.1" 200 7204
::1 - - [22/Nov/2023:19:48:21 +0200] "GET /phpmyadmin/index.php?ajax_request=1&recent_table=1&token=548bf291f4a4511d1a53da0cd8c66811 HTTP/1.1" 200 334
::1 - - [22/Nov/2023:19:48:22 +0200] "GET /phpmyadmin/tbl_structure.php?server=1&db=smarzas_db&table=smarzas&token=548bf291f4a4511d1a53da0cd8c66811&ajax_request=true&ajax_page_request=true&menuHashes=b026bf3a-09c7b706&_nocache=1700675302827417593 HTTP/1.1" 200 33921
::1 - - [22/Nov/2023:19:48:23 +0200] "GET /phpmyadmin/index.php?ajax_request=1&recent_table=1&token=548bf291f4a4511d1a53da0cd8c66811 HTTP/1.1" 200 334
::1 - - [22/Nov/2023:19:48:25 +0200] "GET /phpmyadmin/tbl_import.php?db=smarzas_db&table=smarzas&token=548bf291f4a4511d1a53da0cd8c66811&ajax_request=true&ajax_page_request=true&menuHashes=b026bf3a-09c7b706-133e3ca6&_nocache=1700675305838115184 HTTP/1.1" 200 17934
::1 - - [22/Nov/2023:19:48:25 +0200] "GET /phpmyadmin/index.php?ajax_request=1&recent_table=1&token=548bf291f4a4511d1a53da0cd8c66811 HTTP/1.1" 200 334
::1 - - [22/Nov/2023:19:52:37 +0200] "POST /phpmyadmin/import.php HTTP/1.1" 200 11901
::1 - - [22/Nov/2023:19:52:37 +0200] "POST /phpmyadmin/import.php HTTP/1.1" 200 11901
::1 - - [22/Nov/2023:19:52:38 +0200] "GET /phpmyadmin/index.php?ajax_request=1&recent_table=1&token=548bf291f4a4511d1a53da0cd8c66811 HTTP/1.1" 200 334
::1 - - [22/Nov/2023:19:52:45 +0200] "GET /phpmyadmin/tbl_import.php?db=smarzas_db&table=smarzas&token=548bf291f4a4511d1a53da0cd8c66811&ajax_request=true&ajax_page_request=true&_nocache=1700675565331503707 HTTP/1.1" 200 17934
::1 - - [22/Nov/2023:19:52:45 +0200] "GET /phpmyadmin/index.php?ajax_request=1&recent_table=1&token=548bf291f4a4511d1a53da0cd8c66811 HTTP/1.1" 200 334
::1 - - [22/Nov/2023:20:21:08 +0200] "POST /phpmyadmin/import.php HTTP/1.1" 200 8250
::1 - - [22/Nov/2023:20:51:15 +0200] "POST /phpmyadmin/index.php HTTP/1.1" 302 -
::1 - - [22/Nov/2023:20:51:16 +0200] "GET /phpmyadmin/index.php?db=smarzas_db&table=smarzas&target=import.php&token=548bf291f4a4511d1a53da0cd8c66811 HTTP/1.1" 200 13314
::1 - - [22/Nov/2023:20:51:16 +0200] "GET /phpmyadmin/js/get_scripts.js.php?scripts[]=jquery/jquery-1.8.3.js&scripts[]=ajax.js&scripts[]=keyhandler.js&scripts[]=jquery/jquery-ui-1.9.2.custom.js&scripts[]=jquery/jquery.sprintf.js&scripts[]=jquery/jquery.cookie.js&scripts[]=jquery/jquery.mousewheel.js&scripts[]=jquery/jquery.event.drag-2.2.js&scripts[]=jquery/jquery-ui-timepicker-addon.js&scripts[]=jquery/jquery.ba-hashchange-1.3.js&scripts[]=jquery/jquery.debounce-1.0.5.js&scripts[]=jquery/jquery.menuResizer-1.0.js&scripts[]=rte.js&scripts[]=functions.js&scripts[]=navigation.js&scripts[]=indexes.js&scripts[]=common.js&scripts[]=codemirror/lib/codemirror.js&scripts[]=codemirror/mode/mysql/mysql.js HTTP/1.1" 200 578562
::1 - - [22/Nov/2023:20:51:17 +0200] "GET /phpmyadmin/index.php?ajax_request=1&recent_table=1&token=548bf291f4a4511d1a53da0cd8c66811 HTTP/1.1" 200 286
::1 - - [22/Nov/2023:20:51:20 +0200] "GET /phpmyadmin/db_structure.php?server=1&db=smarzas_db&token=548bf291f4a4511d1a53da0cd8c66811&ajax_request=true&ajax_page_request=true&menuHashes=493ccae0&_nocache=1700679080975718996 HTTP/1.1" 200 286
::1 - - [22/Nov/2023:20:51:22 +0200] "GET /phpmyadmin/index.php?db=smarzas_db&table=smarzas&target=import.php&token=548bf291f4a4511d1a53da0cd8c66811 HTTP/1.1" 200 8104
::1 - - [22/Nov/2023:20:51:22 +0200] "GET /phpmyadmin/phpmyadmin.css.php?server=1&token=00211cdadb9efbe5a134331761b75724&nocache=4125195912ltr HTTP/1.1" 200 88608
::1 - - [22/Nov/2023:20:51:22 +0200] "GET /phpmyadmin/js/messages.php?lang=en&db=smarzas_db&server=0&token=2bd57c60d00fcd1d5be57ef0f94e7cfc HTTP/1.1" 200 16674
::1 - - [22/Nov/2023:20:51:23 +0200] "GET /phpmyadmin/index.php?db=smarzas_db&table=smarzas&server=1&target=import.php&token=548bf291f4a4511d1a53da0cd8c66811 HTTP/1.1" 200 8069
::1 - - [22/Nov/2023:20:51:23 +0200] "GET /phpmyadmin/phpmyadmin.css.php?server=1&token=ec4bed994474b0882675061f5c1d3d59&nocache=4125195912ltr HTTP/1.1" 200 88608
::1 - - [22/Nov/2023:20:51:23 +0200] "GET /phpmyadmin/js/messages.php?lang=en&db=smarzas_db&token=00211cdadb9efbe5a134331761b75724 HTTP/1.1" 200 16674
::1 - - [22/Nov/2023:20:51:24 +0200] "POST /phpmyadmin/index.php HTTP/1.1" 302 -
::1 - - [22/Nov/2023:20:51:24 +0200] "GET /phpmyadmin/index.php?db=smarzas_db&table=smarzas&target=import.php&token=ec4bed994474b0882675061f5c1d3d59 HTTP/1.1" 200 13128
::1 - - [22/Nov/2023:20:51:24 +0200] "GET /phpmyadmin/js/messages.php?lang=en&db=smarzas_db&server=0&token=ec4bed994474b0882675061f5c1d3d59 HTTP/1.1" 200 16674
::1 - - [22/Nov/2023:20:51:24 +0200] "GET /phpmyadmin/phpmyadmin.css.php?server=1&token=ec4bed994474b0882675061f5c1d3d59&nocache=5825874996ltr HTTP/1.1" 200 88608
::1 - - [22/Nov/2023:20:51:24 +0200] "GET /phpmyadmin/index.php?ajax_request=1&recent_table=1&token=ec4bed994474b0882675061f5c1d3d59 HTTP/1.1" 200 286
::1 - - [22/Nov/2023:20:51:27 +0200] "GET /phpmyadmin/db_structure.php?server=1&db=smarzas_db&token=ec4bed994474b0882675061f5c1d3d59&ajax_request=true&ajax_page_request=true&menuHashes=ecb99ec7&_nocache=1700679087522206271 HTTP/1.1" 200 286
::1 - - [22/Nov/2023:20:51:28 +0200] "GET /phpmyadmin/index.php?db=smarzas_db&table=smarzas&target=import.php&token=ec4bed994474b0882675061f5c1d3d59 HTTP/1.1" 200 8104
::1 - - [22/Nov/2023:20:51:28 +0200] "GET /phpmyadmin/js/messages.php?lang=en&db=smarzas_db&server=0&token=dd47954c64578a600623f73dcca49df6 HTTP/1.1" 200 16674
::1 - - [22/Nov/2023:20:51:28 +0200] "GET /phpmyadmin/phpmyadmin.css.php?server=1&token=3d093408d3f0aecf33ad93a7c680ffa6&nocache=4125195912ltr HTTP/1.1" 200 88608
::1 - - [22/Nov/2023:20:51:28 +0200] "GET /phpmyadmin/index.php?db=smarzas_db&table=smarzas&server=1&target=import.php&token=ec4bed994474b0882675061f5c1d3d59 HTTP/1.1" 200 8069
::1 - - [22/Nov/2023:20:51:28 +0200] "GET /phpmyadmin/js/messages.php?lang=en&db=smarzas_db&token=3d093408d3f0aecf33ad93a7c680ffa6 HTTP/1.1" 200 16674
::1 - - [22/Nov/2023:20:51:28 +0200] "GET /phpmyadmin/phpmyadmin.css.php?server=1&token=f7c50ed49ce959842e35abdbd771f004&nocache=4125195912ltr HTTP/1.1" 200 88608
::1 - - [22/Nov/2023:20:51:32 +0200] "GET /phpmyadmin/ HTTP/1.1" 200 7945
::1 - - [22/Nov/2023:20:51:32 +0200] "GET /phpmyadmin/js/messages.php?lang=en&db=&server=0&token=f7c50ed49ce959842e35abdbd771f004 HTTP/1.1" 200 16674
::1 - - [22/Nov/2023:20:51:32 +0200] "GET /phpmyadmin/phpmyadmin.css.php?server=1&token=53c35328da6d2b9df9ae268425c83be4&nocache=4125195912ltr HTTP/1.1" 200 88608
::1 - - [22/Nov/2023:20:51:34 +0200] "POST /phpmyadmin/index.php HTTP/1.1" 302 -
::1 - - [22/Nov/2023:20:51:34 +0200] "GET /phpmyadmin/index.php?token=53c35328da6d2b9df9ae268425c83be4 HTTP/1.1" 200 43755
::1 - - [22/Nov/2023:20:51:34 +0200] "GET /phpmyadmin/js/messages.php?lang=en&db=&server=0&token=53c35328da6d2b9df9ae268425c83be4 HTTP/1.1" 200 16674
::1 - - [22/Nov/2023:20:51:34 +0200] "GET /phpmyadmin/phpmyadmin.css.php?server=1&token=53c35328da6d2b9df9ae268425c83be4&nocache=5825875006ltr HTTP/1.1" 200 88608
::1 - - [22/Nov/2023:20:51:35 +0200] "GET /phpmyadmin/version_check.php?&_nocache=1700679095043740149 HTTP/1.1" 200 39
::1 - - [22/Nov/2023:20:51:37 +0200] "GET /phpmyadmin/db_structure.php?server=1&db=smarzas_db&token=53c35328da6d2b9df9ae268425c83be4&ajax_request=true&ajax_page_request=true&menuHashes=f8d16b92&_nocache=1700679097350237022 HTTP/1.1" 200 12500
::1 - - [22/Nov/2023:20:51:37 +0200] "GET /phpmyadmin/js/get_scripts.js.php?scripts[]=db_structure.js&scripts[]=tbl_change.js HTTP/1.1" 200 12382
::1 - - [22/Nov/2023:21:30:28 +0200] "GET /phpmyadmin/ HTTP/1.1" 200 8091
::1 - - [22/Nov/2023:21:30:28 +0200] "GET /phpmyadmin/ HTTP/1.1" 200 8091
::1 - - [22/Nov/2023:21:30:30 +0200] "POST /phpmyadmin/index.php HTTP/1.1" 302 -
::1 - - [22/Nov/2023:21:30:30 +0200] "GET /phpmyadmin/index.php?token=53c35328da6d2b9df9ae268425c83be4 HTTP/1.1" 200 43755
::1 - - [22/Nov/2023:21:30:30 +0200] "GET /phpmyadmin/version_check.php?&_nocache=1700681430763150863 HTTP/1.1" 200 39
::1 - - [22/Nov/2023:21:30:33 +0200] "GET /phpmyadmin/navigation.php?ajax_request=1&token=53c35328da6d2b9df9ae268425c83be4&aPath=cm9vdA%3D%3D.c21hcnphc19kYg%3D%3D&vPath=cm9vdA%3D%3D.c21hcnphc19kYg%3D%3D&pos=0&pos2_name=&pos2_value=&searchClause=&searchClause2=&_nocache=1700681433827683741 HTTP/1.1" 200 1356
::1 - - [22/Nov/2023:21:30:34 +0200] "GET /phpmyadmin/sql.php?server=1&db=smarzas_db&table=smarzas&pos=0&token=53c35328da6d2b9df9ae268425c83be4&ajax_request=true&ajax_page_request=true&menuHashes=f8d16b92&_nocache=1700681434599668073 HTTP/1.1" 200 30726
::1 - - [22/Nov/2023:21:30:34 +0200] "GET /phpmyadmin/js/get_scripts.js.php?scripts[]=tbl_change.js&scripts[]=tbl_structure.js&scripts[]=gis_data_editor.js&scripts[]=makegrid.js&scripts[]=sql.js HTTP/1.1" 200 57302
::1 - - [22/Nov/2023:21:30:35 +0200] "GET /phpmyadmin/themes/pmahomme/img/col_pointer.png HTTP/1.1" 200 113
::1 - - [22/Nov/2023:21:30:35 +0200] "GET /phpmyadmin/index.php?ajax_request=1&recent_table=1&token=53c35328da6d2b9df9ae268425c83be4 HTTP/1.1" 200 218
::1 - - [22/Nov/2023:21:30:44 +0200] "POST /phpmyadmin/sql.php HTTP/1.1" 200 29876
::1 - - [22/Nov/2023:21:30:44 +0200] "GET /phpmyadmin/index.php?ajax_request=1&recent_table=1&token=53c35328da6d2b9df9ae268425c83be4 HTTP/1.1" 200 218
::1 - - [22/Nov/2023:21:30:46 +0200] "POST /phpmyadmin/sql.php HTTP/1.1" 200 29961
::1 - - [22/Nov/2023:21:30:46 +0200] "GET /phpmyadmin/index.php?ajax_request=1&recent_table=1&token=53c35328da6d2b9df9ae268425c83be4 HTTP/1.1" 200 218
::1 - - [22/Nov/2023:21:30:48 +0200] "POST /phpmyadmin/sql.php HTTP/1.1" 200 20968
::1 - - [22/Nov/2023:21:30:48 +0200] "GET /phpmyadmin/index.php?ajax_request=1&recent_table=1&token=53c35328da6d2b9df9ae268425c83be4 HTTP/1.1" 200 218
